['float', -1]
['identifier', 0]
['float', -1]
['identifier', 1]
['float', -1]
['identifier', 2]
['float', -1]
['identifier', 3]
['identifier', 3]
['=', -1]
['identifier', 0]
['read', -1]
['(', -1]
['identifier', 0]
[')', -1]
['read', -1]
['(', -1]
['identifier', 1]
[')', -1]
['read', -1]
['(', -1]
['identifier', 1]
[')', -1]
['check', -1]
['identifier', 1]
['>', -1]
['identifier', 3]
[':', -1]
['identifier', 3]
['=', -1]
['identifier', 1]
['check', -1]
['identifier', 2]
['>', -1]
['identifier', 3]
[':', -1]
['identifier', 3]
['=', -1]
['identifier', 2]
['write', -1]
['(', -1]
['constant', 0]
[',', -1]
['identifier', 0]
[',', -1]
['identifier', 1]
[',', -1]
['constant', 1]
[',', -1]
['identifier', 2]
[',', -1]
['constant', 2]
[',', -1]
['identifier', 3]
[')', -1]
