['float', -1]
['identifier', 0]
['float', -1]
['identifier', 1]
['float', -1]
['identifier', 2]
['read', -1]
['(', -1]
['identifier', 0]
[')', -1]
['read', -1]
['(', -1]
['identifier', 1]
[')', -1]
['read', -1]
['(', -1]
['identifier', 2]
[')', -1]
['float', -1]
['identifier', 3]
['float', -1]
['identifier', 4]
['float', -1]
['identifier', 5]
['=', -1]
['identifier', 1]
['*', -1]
['identifier', 1]
['-', -1]
['constant', 0]
['*', -1]
['identifier', 0]
['*', -1]
['identifier', 2]
['boolean', -1]
['identifier', 6]
['=', -1]
['False', -1]
['check', -1]
['identifier', 5]
['>', -1]
['constant', 1]
[':', -1]
['identifier', 6]
['=', -1]
['True', -1]
['check', -1]
['(', -1]
['identifier', 7]
['identifier', 6]
[')', -1]
[':', -1]
['identifier', 5]
['=', -1]
['-', -1]
['identifier', 5]
['check', -1]
['identifier', 6]
[':', -1]
['write', -1]
['(', -1]
['constant', 2]
[',', -1]
['(', -1]
['-', -1]
['identifier', 1]
['+', -1]
['identifier', 8]
['(', -1]
['identifier', 5]
[')', -1]
[')', -1]
['/', -1]
['constant', 3]
['*', -1]
['identifier', 0]
[',', -1]
['constant', 4]
[',', -1]
['(', -1]
['-', -1]
['identifier', 1]
['-', -1]
['identifier', 8]
['(', -1]
['identifier', 5]
[')', -1]
[')', -1]
['/', -1]
['constant', 3]
['*', -1]
['identifier', 0]
[')', -1]
['identifier', 9]
['check', -1]
['identifier', 0]
['>', -1]
['constant', 1]
[':', -1]
['write', -1]
['(', -1]
['constant', 5]
[',', -1]
['-', -1]
['identifier', 1]
['/', -1]
['constant', 3]
['*', -1]
['identifier', 0]
['}', -1]
['constant', 6]
[',', -1]
['identifier', 8]
['(', -1]
['identifier', 5]
[')', -1]
['/', -1]
['constant', 3]
['*', -1]
['identifier', 0]
[',', -1]
['constant', 4]
[',', -1]
['-', -1]
['identifier', 1]
['/', -1]
['constant', 3]
['*', -1]
['identifier', 0]
['constant', 7]
[',', -1]
['identifier', 8]
['(', -1]
['identifier', 5]
[')', -1]
['/', -1]
['constant', 3]
['*', -1]
['identifier', 0]
[')', -1]
['identifier', 9]
['write', -1]
['(', -1]
['constant', 5]
[',', -1]
['-', -1]
['identifier', 1]
['/', -1]
['constant', 3]
['*', -1]
['identifier', 0]
[',', -1]
['constant', 7]
[',', -1]
['-', -1]
['identifier', 8]
['(', -1]
['identifier', 5]
[')', -1]
['/', -1]
['constant', 3]
['*', -1]
['identifier', 0]
[',', -1]
['constant', 4]
[',', -1]
['-', -1]
['identifier', 1]
['/', -1]
['constant', 3]
['*', -1]
['identifier', 0]
['constant', 8]
[',', -1]
['-', -1]
['identifier', 8]
['(', -1]
['identifier', 5]
[')', -1]
['/', -1]
['constant', 3]
['*', -1]
['identifier', 0]
[')', -1]
