['int', -1]
['identifier', 0]
['int', -1]
['identifier', 1]
['read', -1]
['(', -1]
['identifier', 0]
[')', -1]
['int', -1]
['[', -1]
['identifier', 0]
[']', -1]
['identifier', 2]
['int', -1]
['identifier', 3]
['=', -1]
['constant', 0]
['while', -1]
['identifier', 3]
['<', -1]
['identifier', 0]
[':', -1]
['read', -1]
['(', -1]
['identifier', 2]
['[', -1]
['identifier', 3]
[']', -1]
[')', -1]
['identifier', 3]
['=', -1]
['identifier', 3]
['+', -1]
['constant', 1]
['identifier', 3]
['=', -1]
['constant', 0]
['while', -1]
['identifier', 3]
['<', -1]
['identifier', 0]
[':', -1]
['check', -1]
['identifier', 1]
['<', -1]
['identifier', 2]
['[', -1]
['identifier', 3]
[']', -1]
[':', -1]
['identifier', 1]
['=', -1]
['identifier', 2]
['[', -1]
['identifier', 3]
[']', -1]
['identifier', 3]
['=', -1]
['identifier', 3]
['+', -1]
['constant', 1]
['write', -1]
['(', -1]
['identifier', 1]
[')', -1]
